<?xml version="1.0" encoding="UTF-8"?>
<!-- Generated by org.testng.reporters.JUnitReportReporter -->
<testsuite hostname="Probook15-650Series" failures="0" tests="3" name="com.obsqura.testScripts.ManagepageTest" time="24.484" errors="0" timestamp="2023-04-25T07:44:07 GST" skipped="0">
  <testcase classname="com.obsqura.testScripts.ManagepageTest" name="verify_newButton_allowstoAddPageswith_new_page_and_title" time="9.056"/>
  <system-out/>
  <testcase classname="com.obsqura.testScripts.ManagepageTest" name="verify_searchButton_shows_ResultNotFound_When_Search_Non_ExistingPage" time="7.493"/>
  <system-out/>
  <testcase classname="com.obsqura.testScripts.ManagepageTest" name="verify_searchButton_shows_Corresponding_Result_When_search_an_ExistingPage" time="7.935"/>
  <system-out/>
</testsuite> <!-- com.obsqura.testScripts.ManagepageTest -->
