<?xml version="1.0" encoding="UTF-8"?>
<!-- Generated by org.testng.reporters.JUnitReportReporter -->
<testsuite hostname="Probook15-650Series" failures="0" tests="3" name="com.obsqura.testScripts.LoginTest" time="13.807" errors="0" timestamp="2023-04-19T20:30:44 GST" skipped="0">
  <testcase classname="com.obsqura.testScripts.LoginTest" name="verify_RememberMeCheckBox_Is_Selected" time="4.248"/>
  <system-out/>
  <testcase classname="com.obsqura.testScripts.LoginTest" name="verify_SignIn_Button_Text_AlignmentIsCenter" time="4.165"/>
  <system-out/>
  <testcase classname="com.obsqura.testScripts.LoginTest" name="verify_login_with_Credentials" time="5.394"/>
  <system-out/>
</testsuite> <!-- com.obsqura.testScripts.LoginTest -->
