<?xml version="1.0" encoding="UTF-8"?>
<!-- Generated by org.testng.reporters.JUnitReportReporter -->
<testsuite hostname="Probook15-650Series" failures="0" tests="1" name="com.obsqura.testScripts.ManageNewsTest" time="7.693" errors="0" timestamp="2023-04-25T07:44:07 GST" skipped="0">
  <testcase classname="com.obsqura.testScripts.ManageNewsTest" name="verify_newsField_Is_Editable_when_Edit_Icon_Clicked" time="7.693"/>
  <system-out/>
</testsuite> <!-- com.obsqura.testScripts.ManageNewsTest -->
