<?xml version="1.0" encoding="UTF-8"?>
<!-- Generated by org.testng.reporters.JUnitReportReporter -->
<testsuite hostname="Probook15-650Series" failures="0" tests="2" name="com.obsqura.testScripts.ManageOfferCodeTest" time="14.816" errors="0" timestamp="2023-04-27T02:22:09 GST" skipped="0">
  <testcase classname="com.obsqura.testScripts.ManageOfferCodeTest" name="verify_Number_Of_Available_OfferCodes_InTheTable" time="6.090"/>
  <system-out/>
  <testcase classname="com.obsqura.testScripts.ManageOfferCodeTest" name="verify_seraching_With_Existing_Offercode_Shows_Corressponding_Details" time="8.726"/>
  <system-out/>
</testsuite> <!-- com.obsqura.testScripts.ManageOfferCodeTest -->
