<?xml version="1.0" encoding="UTF-8"?>
<!-- Generated by org.testng.reporters.JUnitReportReporter -->
<testsuite hostname="Probook15-650Series" failures="0" tests="1" name="com.obsqura.testScripts.ManageUsersTest" time="7.364" errors="0" timestamp="2023-04-25T20:29:26 GST" skipped="0">
  <testcase classname="com.obsqura.testScripts.ManageUsersTest" name="verify_corresponding_UserDetails_shown_When_Search_An_Existing_User" time="7.364"/>
  <system-out/>
</testsuite> <!-- com.obsqura.testScripts.ManageUsersTest -->
