<?xml version="1.0" encoding="UTF-8"?>
<!-- Generated by org.testng.reporters.JUnitReportReporter -->
<testsuite hostname="Probook15-650Series" failures="0" tests="3" name="com.obsqura.testScripts.AdminUsersTest" time="75.776" errors="0" timestamp="2023-04-25T07:44:07 GST" skipped="1">
  <testcase classname="com.obsqura.testScripts.AdminUsersTest" name="verify_resetButton_BackgroundColor" time="8.623"/>
  <system-out/>
  <testcase classname="com.obsqura.testScripts.AdminUsersTest" name="verify_New_AdminUser_Details_Added_In_The_Table_When_SaveButton_Clicked" time="7.792"/>
  <system-out/>
  <testcase classname="com.obsqura.testScripts.AdminUsersTest" name="verify_New_AdminUser_Details_Added_In_The_Table_When_SaveButton_Clicked" time="59.361">
    <skipped/>
  </testcase> <!-- verify_New_AdminUser_Details_Added_In_The_Table_When_SaveButton_Clicked -->
  <system-out/>
</testsuite> <!-- com.obsqura.testScripts.AdminUsersTest -->
