<?xml version="1.0" encoding="UTF-8"?>
<!-- Generated by org.testng.reporters.JUnitReportReporter -->
<testsuite hostname="Probook15-650Series" failures="0" tests="2" name="com.obsqura.testScripts.ManageNewsTest" time="15.409" errors="0" timestamp="2023-04-26T13:01:13 GST" skipped="0">
  <testcase classname="com.obsqura.testScripts.ManageNewsTest" name="verify_New_News_Entered_susccessfully_In_The_Table_When_SaveButton_Clicked" time="8.016"/>
  <system-out/>
  <testcase classname="com.obsqura.testScripts.ManageNewsTest" name="verify_newsField_Is_Editable_when_Edit_Icon_Clicked" time="7.393"/>
  <system-out/>
</testsuite> <!-- com.obsqura.testScripts.ManageNewsTest -->
