<?xml version="1.0" encoding="UTF-8"?>
<!-- Generated by org.testng.reporters.JUnitReportReporter -->
<testsuite hostname="Probook15-650Series" failures="0" tests="2" name="com.obsqura.testScripts.ManageExpenseTest" time="13.194" errors="0" timestamp="2023-04-21T16:27:16 GST" skipped="0">
  <testcase classname="com.obsqura.testScripts.ManageExpenseTest" name="verify_Cofirmation_AlertboxText_when_DeleteButton_Clicked" time="6.292"/>
  <system-out/>
  <testcase classname="com.obsqura.testScripts.ManageExpenseTest" name="verify_Cofirmation_Alertbox_Cancel_Click" time="6.902"/>
  <system-out/>
</testsuite> <!-- com.obsqura.testScripts.ManageExpenseTest -->
