<?xml version="1.0" encoding="UTF-8"?>
<!-- Generated by org.testng.reporters.JUnitReportReporter -->
<testsuite hostname="Probook15-650Series" failures="0" tests="1" name="com.obsqura.testScripts.ManageLocationTest" time="9.226" errors="0" timestamp="2023-04-27T02:22:09 GST" skipped="0">
  <testcase classname="com.obsqura.testScripts.ManageLocationTest" name="verify_Location_Added_in_the_Table_when_save_button_clicked" time="9.226"/>
  <system-out/>
</testsuite> <!-- com.obsqura.testScripts.ManageLocationTest -->
