<?xml version="1.0" encoding="UTF-8"?>
<!-- Generated by org.testng.reporters.JUnitReportReporter -->
<testsuite hostname="Probook15-650Series" failures="0" tests="2" name="com.obsqura.maven.TestScripts.HomeTest" time="14.151" errors="0" timestamp="2023-04-12T02:44:52 GST" skipped="0">
  <testcase classname="com.obsqura.maven.TestScripts.HomeTest" name="dummy_test" time="6.561"/>
  <system-out/>
  <testcase classname="com.obsqura.maven.TestScripts.HomeTest" name="dummy2" time="7.590"/>
  <system-out/>
</testsuite> <!-- com.obsqura.maven.TestScripts.HomeTest -->
