<?xml version="1.0" encoding="UTF-8"?>
<!-- Generated by org.testng.reporters.JUnitReportReporter -->
<testsuite hostname="Probook15-650Series" failures="0" tests="1" name="com.obsqura.testScripts.ManageOfferCodeTest" time="7.440" errors="0" timestamp="2023-04-21T16:27:16 GST" skipped="0">
  <testcase classname="com.obsqura.testScripts.ManageOfferCodeTest" name="verify_seraching_With_Offercode_Shows_Corressponding_Details" time="7.440"/>
  <system-out/>
</testsuite> <!-- com.obsqura.testScripts.ManageOfferCodeTest -->
