<?xml version="1.0" encoding="UTF-8"?>
<!-- Generated by org.testng.reporters.JUnitReportReporter -->
<testsuite hostname="Probook15-650Series" failures="0" tests="4" name="com.obsqura.testScripts.LoginTest" time="24.653" errors="0" timestamp="2023-04-25T20:29:26 GST" skipped="0">
  <testcase classname="com.obsqura.testScripts.LoginTest" name="verify_login_with_Credentials" time="6.553"/>
  <system-out/>
  <testcase classname="com.obsqura.testScripts.LoginTest" name="verify_logout_from_the_Session_is_Possible_when_LogoutButton_Clicked" time="6.530"/>
  <system-out/>
  <testcase classname="com.obsqura.testScripts.LoginTest" name="verify_login_with_Credentials" time="6.422"/>
  <system-out/>
  <testcase classname="com.obsqura.testScripts.LoginTest" name="verify_SignIn_Button_Text_Alignment_Is_Center" time="5.148"/>
  <system-out/>
</testsuite> <!-- com.obsqura.testScripts.LoginTest -->
