<?xml version="1.0" encoding="UTF-8"?>
<!-- Generated by org.testng.reporters.JUnitReportReporter -->
<testsuite hostname="Probook15-650Series" failures="0" tests="3" name="com.obsqura.testScripts.LoginTest" time="36.562" errors="0" timestamp="2023-04-21T01:34:26 GST" skipped="0">
  <testcase classname="com.obsqura.testScripts.LoginTest" name="verify_login_with_Credentials" time="21.108"/>
  <system-out/>
  <testcase classname="com.obsqura.testScripts.LoginTest" name="verify_RememberMeCheckBox_Is_Selected" time="7.656"/>
  <system-out/>
  <testcase classname="com.obsqura.testScripts.LoginTest" name="verify_SignIn_Button_Text_AlignmentIsCenter" time="7.798"/>
  <system-out/>
</testsuite> <!-- com.obsqura.testScripts.LoginTest -->
