<?xml version="1.0" encoding="UTF-8"?>
<!-- Generated by org.testng.reporters.JUnitReportReporter -->
<testsuite hostname="Probook15-650Series" failures="0" tests="2" name="com.obsqura.testScripts.ManagepageTest" time="14.394" errors="0" timestamp="2023-04-15T11:20:54 GST" skipped="0">
  <testcase classname="com.obsqura.testScripts.ManagepageTest" name="verify_newButton" time="8.890"/>
  <system-out/>
  <testcase classname="com.obsqura.testScripts.ManagepageTest" name="verify_searchButton" time="5.504"/>
  <system-out/>
</testsuite> <!-- com.obsqura.testScripts.ManagepageTest -->
