<?xml version="1.0" encoding="UTF-8"?>
<!-- Generated by org.testng.reporters.JUnitReportReporter -->
<testsuite hostname="Probook15-650Series" failures="0" tests="1" name="com.obsqura.testScripts.ManagepageTest" time="9.067" errors="0" timestamp="2023-04-18T07:14:44 GST" skipped="0">
  <testcase classname="com.obsqura.testScripts.ManagepageTest" name="verify_newButton_allowstoAddPageswith_new_page_and_title" time="9.067"/>
  <system-out/>
</testsuite> <!-- com.obsqura.testScripts.ManagepageTest -->
