<?xml version="1.0" encoding="UTF-8"?>
<!-- Generated by org.testng.reporters.JUnitReportReporter -->
<testsuite hostname="Probook15-650Series" failures="0" tests="1" name="com.obsqura.testScripts.ManageProductTest" time="5.550" errors="0" timestamp="2023-04-15T21:36:02 GST" skipped="0">
  <testcase classname="com.obsqura.testScripts.ManageProductTest" name="verify_nonVegRadioButtonIsSelectable" time="5.550"/>
  <system-out/>
</testsuite> <!-- com.obsqura.testScripts.ManageProductTest -->
