<?xml version="1.0" encoding="UTF-8"?>
<!-- Generated by org.testng.reporters.JUnitReportReporter -->
<testsuite hostname="Probook15-650Series" failures="0" tests="1" name="com.obsqura.testScripts.PushNotificationsTest" time="12.909" errors="0" timestamp="2023-04-26T18:37:50 GST" skipped="0">
  <testcase classname="com.obsqura.testScripts.PushNotificationsTest" name="verify_Send_successfully_AlertMessage_Appears_When_Send_Button_Clicked" time="12.909"/>
  <system-out/>
</testsuite> <!-- com.obsqura.testScripts.PushNotificationsTest -->
