<?xml version="1.0" encoding="UTF-8"?>
<!-- Generated by org.testng.reporters.JUnitReportReporter -->
<testsuite hostname="Probook15-650Series" failures="0" tests="2" name="com.obsqura.testScripts.ManageExpenseTest" time="13.784" errors="0" timestamp="2023-04-25T20:29:26 GST" skipped="0">
  <testcase classname="com.obsqura.testScripts.ManageExpenseTest" name="verify_Cofirmation_Alertbox_Cancel_Click_Disallow_Deletion" time="6.258"/>
  <system-out/>
  <testcase classname="com.obsqura.testScripts.ManageExpenseTest" name="verify_Cofirmation_AlertboxText_when_DeleteButton_Clicked" time="7.526"/>
  <system-out/>
</testsuite> <!-- com.obsqura.testScripts.ManageExpenseTest -->
