<?xml version="1.0" encoding="UTF-8"?>
<!-- Generated by org.testng.reporters.JUnitReportReporter -->
<testsuite hostname="Probook15-650Series" failures="0" tests="1" name="com.obsqura.testScripts.ManageDeliveryBoyTest" time="7.789" errors="0" timestamp="2023-04-30T06:23:17 GST" skipped="0">
  <testcase classname="com.obsqura.testScripts.ManageDeliveryBoyTest" name="verify_password_shown_under_The_Table_Raw_when_passwordIcon_Clicked" time="7.789"/>
  <system-out/>
</testsuite> <!-- com.obsqura.testScripts.ManageDeliveryBoyTest -->
