<?xml version="1.0" encoding="UTF-8"?>
<!-- Generated by org.testng.reporters.JUnitReportReporter -->
<testsuite hostname="Probook15-650Series" failures="0" tests="2" name="com.obsqura.testScripts.ManagepageTest" time="18.471" errors="0" timestamp="2023-04-21T00:33:29 GST" skipped="0">
  <testcase classname="com.obsqura.testScripts.ManagepageTest" name="verify_newButton_allowstoAddPageswith_new_page_and_title" time="10.556"/>
  <system-out/>
  <testcase classname="com.obsqura.testScripts.ManagepageTest" name="verify_searchButton_shows_ResultNotFoundWhensearch_NonexistingPage" time="7.915"/>
  <system-out/>
</testsuite> <!-- com.obsqura.testScripts.ManagepageTest -->
