<?xml version="1.0" encoding="UTF-8"?>
<!-- Generated by org.testng.reporters.JUnitReportReporter -->
<testsuite hostname="Probook15-650Series" failures="0" tests="2" name="com.obsqura.testScripts.ManageProductTest" time="18.399" errors="0" timestamp="2023-04-21T00:33:29 GST" skipped="0">
  <testcase classname="com.obsqura.testScripts.ManageProductTest" name="verify_nonVegRadioButtonIsSelectable" time="8.698"/>
  <system-out/>
  <testcase classname="com.obsqura.testScripts.ManageProductTest" name="verify_weightUnitDropdownisWorking" time="9.701"/>
  <system-out/>
</testsuite> <!-- com.obsqura.testScripts.ManageProductTest -->
