<?xml version="1.0" encoding="UTF-8"?>
<!-- Generated by org.testng.reporters.JUnitReportReporter -->
<testsuite hostname="Probook15-650Series" failures="0" tests="2" name="com.obsqura.testScripts.ManageSliderTest" time="16.304" errors="0" timestamp="2023-04-21T00:33:29 GST" skipped="0">
  <testcase classname="com.obsqura.testScripts.ManageSliderTest" name="verify_statusChangedSuccessfully_AlertMessage_Appears_whenClicked" time="8.314"/>
  <system-out/>
  <testcase classname="com.obsqura.testScripts.ManageSliderTest" name="verify_manageSliderLink_navigatedto_ListSliderPage" time="7.990"/>
  <system-out/>
</testsuite> <!-- com.obsqura.testScripts.ManageSliderTest -->
