<?xml version="1.0" encoding="UTF-8"?>
<!-- Generated by org.testng.reporters.JUnitReportReporter -->
<testsuite hostname="Probook15-650Series" failures="0" tests="2" name="com.obsqura.testScripts.ManageExpenseTest" time="13.722" errors="0" timestamp="2023-04-19T17:31:12 GST" skipped="0">
  <testcase classname="com.obsqura.testScripts.ManageExpenseTest" name="verify_CofirmationAlertbox_CancelClick" time="6.521"/>
  <system-out/>
  <testcase classname="com.obsqura.testScripts.ManageExpenseTest" name="verify_CofirmationAlertboxText_when_DeleteButtonClicked" time="7.201"/>
  <system-out/>
</testsuite> <!-- com.obsqura.testScripts.ManageExpenseTest -->
