<?xml version="1.0" encoding="UTF-8"?>
<!-- Generated by org.testng.reporters.JUnitReportReporter -->
<testsuite hostname="Probook15-650Series" failures="0" tests="3" name="com.obsqura.testScripts.LoginTest" time="14.724" errors="0" timestamp="2023-04-22T17:17:13 GST" skipped="0">
  <testcase classname="com.obsqura.testScripts.LoginTest" name="verify_login_with_Credentials" time="5.508"/>
  <system-out/>
  <testcase classname="com.obsqura.testScripts.LoginTest" name="verify_SignIn_Button_Text_Alignment_Is_Center" time="4.465"/>
  <system-out/>
  <testcase classname="com.obsqura.testScripts.LoginTest" name="verify_RememberMe_CheckBox_Is_Selected" time="4.751"/>
  <system-out/>
</testsuite> <!-- com.obsqura.testScripts.LoginTest -->
