<?xml version="1.0" encoding="UTF-8"?>
<!-- Generated by org.testng.reporters.JUnitReportReporter -->
<testsuite hostname="Probook15-650Series" failures="0" tests="4" name="com.obsqura.testScripts.ManageNewsTest" time="35.418" errors="0" timestamp="2023-04-26T18:37:50 GST" skipped="0">
  <testcase classname="com.obsqura.testScripts.ManageNewsTest" name="verify_newsField_Is_Editable_when_Edit_Icon_Clicked" time="11.459"/>
  <system-out/>
  <testcase classname="com.obsqura.testScripts.ManageNewsTest" name="verify_searchButton_shows_Corresponding_Result_When_search_an_ExistingNews" time="6.753"/>
  <system-out/>
  <testcase classname="com.obsqura.testScripts.ManageNewsTest" name="verify_searchButton_shows_ResultNotFound_When_Search_Non_ExistingNews" time="8.056"/>
  <system-out/>
  <testcase classname="com.obsqura.testScripts.ManageNewsTest" name="verify_New_News_Entered_susccessfully_In_The_Table_When_SaveButton_Clicked" time="9.150"/>
  <system-out/>
</testsuite> <!-- com.obsqura.testScripts.ManageNewsTest -->
