<?xml version="1.0" encoding="UTF-8"?>
<!-- Generated by org.testng.reporters.JUnitReportReporter -->
<testsuite hostname="Probook15-650Series" failures="0" tests="4" name="com.obsqura.testScripts.AdminUsersTest" time="44.283" errors="0" timestamp="2023-04-30T06:23:17 GST" skipped="0">
  <testcase classname="com.obsqura.testScripts.AdminUsersTest" name="verify_resetButton_BackgroundColor" time="6.444"/>
  <system-out/>
  <testcase classname="com.obsqura.testScripts.AdminUsersTest" name="verify_searchButton_shows_Corresponding_Result_When_search_an_ExistingUser" time="7.277"/>
  <system-out/>
  <testcase classname="com.obsqura.testScripts.AdminUsersTest" name="verify_New_AdminUser_Details_Added_In_The_Table_When_SaveButton_Clicked" time="22.769"/>
  <system-out/>
  <testcase classname="com.obsqura.testScripts.AdminUsersTest" name="verify_Resul_Not_Found_AppearsIn_The_Table_When_search_non_ExistingUser" time="7.793"/>
  <system-out/>
</testsuite> <!-- com.obsqura.testScripts.AdminUsersTest -->
