<?xml version="1.0" encoding="UTF-8"?>
<!-- Generated by org.testng.reporters.JUnitReportReporter -->
<testsuite hostname="Probook15-650Series" failures="0" tests="4" name="com.obsqura.testScripts.LoginTest" time="22.060" errors="0" timestamp="2023-04-25T07:44:07 GST" skipped="0">
  <testcase classname="com.obsqura.testScripts.LoginTest" name="verify_login_with_Credentials" time="4.947"/>
  <system-out/>
  <testcase classname="com.obsqura.testScripts.LoginTest" name="verify_SignIn_Button_Text_Alignment_Is_Center" time="4.366"/>
  <system-out/>
  <testcase classname="com.obsqura.testScripts.LoginTest" name="verify_login_with_Credentials" time="6.567"/>
  <system-out/>
  <testcase classname="com.obsqura.testScripts.LoginTest" name="verify_logout_from_the_Session_is_Possible_when_LogoutButton_Clicked" time="6.180"/>
  <system-out/>
</testsuite> <!-- com.obsqura.testScripts.LoginTest -->
