<?xml version="1.0" encoding="UTF-8"?>
<!-- Generated by org.testng.reporters.JUnitReportReporter -->
<testsuite hostname="Probook15-650Series" failures="0" tests="2" name="com.obsqura.testScripts.AdminUsersTest" time="18.578" errors="0" timestamp="2023-04-25T20:29:26 GST" skipped="0">
  <testcase classname="com.obsqura.testScripts.AdminUsersTest" name="verify_resetButton_BackgroundColor" time="8.815"/>
  <system-out/>
  <testcase classname="com.obsqura.testScripts.AdminUsersTest" name="verify_New_AdminUser_Details_Added_In_The_Table_When_SaveButton_Clicked" time="9.763"/>
  <system-out/>
</testsuite> <!-- com.obsqura.testScripts.AdminUsersTest -->
