<?xml version="1.0" encoding="UTF-8"?>
<!-- Generated by org.testng.reporters.JUnitReportReporter -->
<testsuite hostname="Probook15-650Series" failures="0" tests="1" name="com.obsqura.testScripts.ManageOfferCodeTest" time="12.521" errors="0" timestamp="2023-04-21T03:30:43 GST" skipped="0">
  <testcase classname="com.obsqura.testScripts.ManageOfferCodeTest" name="verify_serachingWithOffercode_Shows_Corressponding_Details" time="12.521"/>
  <system-out/>
</testsuite> <!-- com.obsqura.testScripts.ManageOfferCodeTest -->
