<?xml version="1.0" encoding="UTF-8"?>
<!-- Generated by org.testng.reporters.JUnitReportReporter -->
<testsuite hostname="Probook15-650Series" failures="0" tests="2" name="com.obsqura.testScripts.ManageProductTest" time="19.908" errors="0" timestamp="2023-04-22T16:03:42 GST" skipped="0">
  <testcase classname="com.obsqura.testScripts.ManageProductTest" name="verify_nonVegRadioButtonIsSelectable" time="11.899"/>
  <system-out/>
  <testcase classname="com.obsqura.testScripts.ManageProductTest" name="verify_weightUnitDropdownisWorking" time="8.009"/>
  <system-out/>
</testsuite> <!-- com.obsqura.testScripts.ManageProductTest -->
