<?xml version="1.0" encoding="UTF-8"?>
<!-- Generated by org.testng.reporters.JUnitReportReporter -->
<testsuite hostname="Probook15-650Series" failures="0" tests="1" name="com.obsqura.testScripts.ManageOfferCodeTest" time="6.656" errors="0" timestamp="2023-04-25T07:44:07 GST" skipped="0">
  <testcase classname="com.obsqura.testScripts.ManageOfferCodeTest" name="verify_seraching_With_Existing_Offercode_Shows_Corressponding_Details" time="6.656"/>
  <system-out/>
</testsuite> <!-- com.obsqura.testScripts.ManageOfferCodeTest -->
