<?xml version="1.0" encoding="UTF-8"?>
<!-- Generated by org.testng.reporters.JUnitReportReporter -->
<testsuite hostname="Probook15-650Series" failures="0" tests="1" name="com.obsqura.testScripts.CategoryTest" time="8.192" errors="0" timestamp="2023-04-27T22:11:28 GST" skipped="0">
  <testcase classname="com.obsqura.testScripts.CategoryTest" name="verify_Countof_Available_Categories_InTheTable" time="8.192"/>
  <system-out/>
</testsuite> <!-- com.obsqura.testScripts.CategoryTest -->
