<?xml version="1.0" encoding="UTF-8"?>
<!-- Generated by org.testng.reporters.JUnitReportReporter -->
<testsuite hostname="Probook15-650Series" failures="0" tests="2" name="com.obsqura.maven.TestScripts.LoginTest" time="12.867" errors="0" timestamp="2023-04-12T02:44:52 GST" skipped="0">
  <testcase classname="com.obsqura.maven.TestScripts.LoginTest" name="dummy1" time="5.493"/>
  <system-out/>
  <testcase classname="com.obsqura.maven.TestScripts.LoginTest" name="verify_login" time="7.374"/>
  <system-out/>
</testsuite> <!-- com.obsqura.maven.TestScripts.LoginTest -->
