<?xml version="1.0" encoding="UTF-8"?>
<!-- Generated by org.testng.reporters.JUnitReportReporter -->
<testsuite hostname="Probook15-650Series" failures="0" tests="2" name="com.obsqura.testScripts.ManageProductTest" time="19.883" errors="0" timestamp="2023-04-19T17:31:12 GST" skipped="0">
  <testcase classname="com.obsqura.testScripts.ManageProductTest" name="verify_nonVegRadioButtonIsSelectable" time="12.182"/>
  <system-out/>
  <testcase classname="com.obsqura.testScripts.ManageProductTest" name="verify_weightUnitDropdownisWorking" time="7.701"/>
  <system-out/>
</testsuite> <!-- com.obsqura.testScripts.ManageProductTest -->
