<?xml version="1.0" encoding="UTF-8"?>
<!-- Generated by org.testng.reporters.JUnitReportReporter -->
<testsuite hostname="Probook15-650Series" failures="0" tests="4" name="com.obsqura.testScripts.LoginTest" time="24.217" errors="0" timestamp="2023-04-27T22:11:28 GST" skipped="0">
  <testcase classname="com.obsqura.testScripts.LoginTest" name="verify_login_with_Credentials" time="6.381"/>
  <system-out/>
  <testcase classname="com.obsqura.testScripts.LoginTest" name="verify_SignIn_Button_Text_Alignment_Is_Center" time="4.796"/>
  <system-out/>
  <testcase classname="com.obsqura.testScripts.LoginTest" name="verify_login_with_Credentials" time="6.016"/>
  <system-out/>
  <testcase classname="com.obsqura.testScripts.LoginTest" name="verify_logout_from_the_Session_is_Possible_when_LogoutButton_Clicked" time="7.024"/>
  <system-out/>
</testsuite> <!-- com.obsqura.testScripts.LoginTest -->
