<?xml version="1.0" encoding="UTF-8"?>
<!-- Generated by org.testng.reporters.JUnitReportReporter -->
<testsuite hostname="Probook15-650Series" failures="0" tests="3" name="com.obsqura.testScripts.ManageSliderTest" time="24.494" errors="0" timestamp="2023-04-27T02:22:09 GST" skipped="0">
  <testcase classname="com.obsqura.testScripts.ManageSliderTest" name="verify_manageSliderLink_navigatedto_ListSliderPage" time="6.434"/>
  <system-out/>
  <testcase classname="com.obsqura.testScripts.ManageSliderTest" name="verify_AlertMessage_Visible_if_chooseFileButton_uploads_imageFilewithLink_when_SaveButton_Clicked" time="8.633"/>
  <system-out/>
  <testcase classname="com.obsqura.testScripts.ManageSliderTest" name="verify_Status_Changed_Successfully_in_The_Table" time="9.427"/>
  <system-out/>
</testsuite> <!-- com.obsqura.testScripts.ManageSliderTest -->
