<?xml version="1.0" encoding="UTF-8"?>
<!-- Generated by org.testng.reporters.JUnitReportReporter -->
<testsuite hostname="Probook15-650Series" failures="0" tests="3" name="com.obsqura.testScripts.ManagepageTest" time="26.709" errors="0" timestamp="2023-04-21T16:27:16 GST" skipped="0">
  <testcase classname="com.obsqura.testScripts.ManagepageTest" name="verify_newButton_allowstoAddPageswith_new_page_and_title" time="11.918"/>
  <system-out/>
  <testcase classname="com.obsqura.testScripts.ManagepageTest" name="verify_searchButton_shows_ResultNotFound_When_Search_Non_ExistingPage" time="8.129"/>
  <system-out/>
  <testcase classname="com.obsqura.testScripts.ManagepageTest" name="verify_searchButton_shows_Corresponding_Result_When_search_an_ExistingPage" time="6.662"/>
  <system-out/>
</testsuite> <!-- com.obsqura.testScripts.ManagepageTest -->
