<?xml version="1.0" encoding="UTF-8"?>
<!-- Generated by org.testng.reporters.JUnitReportReporter -->
<testsuite hostname="Probook15-650Series" failures="0" tests="3" name="com.obsqura.testScripts.ManagepageTest" time="27.237" errors="0" timestamp="2023-04-25T00:49:44 GST" skipped="0">
  <testcase classname="com.obsqura.testScripts.ManagepageTest" name="verify_newButton_allowstoAddPageswith_new_page_and_title" time="11.659"/>
  <system-out/>
  <testcase classname="com.obsqura.testScripts.ManagepageTest" name="verify_searchButton_shows_ResultNotFound_When_Search_Non_ExistingPage" time="7.872"/>
  <system-out/>
  <testcase classname="com.obsqura.testScripts.ManagepageTest" name="verify_searchButton_shows_Corresponding_Result_When_search_an_ExistingPage" time="7.706"/>
  <system-out/>
</testsuite> <!-- com.obsqura.testScripts.ManagepageTest -->
