<?xml version="1.0" encoding="UTF-8"?>
<!-- Generated by org.testng.reporters.JUnitReportReporter -->
<testsuite hostname="Probook15-650Series" failures="0" tests="5" name="com.obsqura.testScripts.ManagepageTest" time="38.961" errors="0" timestamp="2023-04-22T17:17:13 GST" skipped="2">
  <testcase classname="com.obsqura.testScripts.ManagepageTest" name="verify_newButton_allowstoAddPageswith_new_page_and_title" time="8.227"/>
  <system-out/>
  <testcase classname="com.obsqura.testScripts.ManagepageTest" name="verify_newButton_allowstoAddPageswith_new_page_and_title" time="8.817">
    <skipped/>
  </testcase> <!-- verify_newButton_allowstoAddPageswith_new_page_and_title -->
  <system-out/>
  <testcase classname="com.obsqura.testScripts.ManagepageTest" name="verify_newButton_allowstoAddPageswith_new_page_and_title" time="9.599">
    <skipped/>
  </testcase> <!-- verify_newButton_allowstoAddPageswith_new_page_and_title -->
  <system-out/>
  <testcase classname="com.obsqura.testScripts.ManagepageTest" name="verify_searchButton_shows_ResultNotFound_When_Search_Non_ExistingPage" time="6.389"/>
  <system-out/>
  <testcase classname="com.obsqura.testScripts.ManagepageTest" name="verify_searchButton_shows_Corresponding_Result_When_search_an_ExistingPage" time="5.929"/>
  <system-out/>
</testsuite> <!-- com.obsqura.testScripts.ManagepageTest -->
