<?xml version="1.0" encoding="UTF-8"?>
<!-- Generated by org.testng.reporters.JUnitReportReporter -->
<testsuite hostname="Probook15-650Series" failures="0" tests="2" name="com.obsqura.testScripts.AdminUsersTest" time="13.064" errors="0" timestamp="2023-04-19T20:30:44 GST" skipped="0">
  <testcase classname="com.obsqura.testScripts.AdminUsersTest" name="verify_resetButtonBackgroundColor" time="5.951"/>
  <system-out/>
  <testcase classname="com.obsqura.testScripts.AdminUsersTest" name="verify_usertypeDropdownBoxIsSelectable" time="7.113"/>
  <system-out/>
</testsuite> <!-- com.obsqura.testScripts.AdminUsersTest -->
