<?xml version="1.0" encoding="UTF-8"?>
<!-- Generated by org.testng.reporters.JUnitReportReporter -->
<testsuite hostname="Probook15-650Series" failures="0" tests="1" name="com.obsqura.testScripts.ManagePaymentMethodTest" time="7.329" errors="0" timestamp="2023-04-26T03:09:41 GST" skipped="0">
  <testcase classname="com.obsqura.testScripts.ManagePaymentMethodTest" name="verify_newsField_Is_Editable_when_Edit_Icon_Clicked" time="7.329"/>
  <system-out/>
</testsuite> <!-- com.obsqura.testScripts.ManagePaymentMethodTest -->
