<?xml version="1.0" encoding="UTF-8"?>
<!-- Generated by org.testng.reporters.JUnitReportReporter -->
<testsuite hostname="Probook15-650Series" failures="0" tests="1" name="com.obsqura.testScripts.ManageLocationTest" time="10.581" errors="0" timestamp="2023-04-26T18:37:50 GST" skipped="0">
  <testcase classname="com.obsqura.testScripts.ManageLocationTest" name="verify_Location_Added_in_the_Table_when_save_button_clicked" time="10.581"/>
  <system-out/>
</testsuite> <!-- com.obsqura.testScripts.ManageLocationTest -->
