<?xml version="1.0" encoding="UTF-8"?>
<!-- Generated by org.testng.reporters.JUnitReportReporter -->
<testsuite hostname="Probook15-650Series" failures="0" tests="4" name="com.obsqura.testScripts.LoginTest" time="24.066" errors="0" timestamp="2023-04-25T00:49:44 GST" skipped="0">
  <testcase classname="com.obsqura.testScripts.LoginTest" name="verify_RememberMe_CheckBox_Is_Selected" time="6.041"/>
  <system-out/>
  <testcase classname="com.obsqura.testScripts.LoginTest" name="verify_login_with_Credentials" time="5.967"/>
  <system-out/>
  <testcase classname="com.obsqura.testScripts.LoginTest" name="verify_login_with_Credentials" time="7.169"/>
  <system-out/>
  <testcase classname="com.obsqura.testScripts.LoginTest" name="verify_SignIn_Button_Text_Alignment_Is_Center" time="4.889"/>
  <system-out/>
</testsuite> <!-- com.obsqura.testScripts.LoginTest -->
