<?xml version="1.0" encoding="UTF-8"?>
<!-- Generated by org.testng.reporters.JUnitReportReporter -->
<testsuite hostname="Probook15-650Series" failures="0" tests="2" name="com.obsqura.testScripts.ManageExpenseTest" time="12.324" errors="0" timestamp="2023-04-19T20:30:44 GST" skipped="0">
  <testcase classname="com.obsqura.testScripts.ManageExpenseTest" name="verify_CofirmationAlertboxText_when_DeleteButtonClicked" time="6.345"/>
  <system-out/>
  <testcase classname="com.obsqura.testScripts.ManageExpenseTest" name="verify_CofirmationAlertbox_CancelClick" time="5.979"/>
  <system-out/>
</testsuite> <!-- com.obsqura.testScripts.ManageExpenseTest -->
