<?xml version="1.0" encoding="UTF-8"?>
<!-- Generated by org.testng.reporters.JUnitReportReporter -->
<testsuite hostname="Probook15-650Series" failures="0" tests="2" name="com.obsqura.testScripts.AdminUsersTest" time="13.358" errors="0" timestamp="2023-04-19T17:31:12 GST" skipped="0">
  <testcase classname="com.obsqura.testScripts.AdminUsersTest" name="verify_resetButtonBackgroundColor" time="6.274"/>
  <system-out/>
  <testcase classname="com.obsqura.testScripts.AdminUsersTest" name="verify_usertypeDropdownBoxIsSelectable" time="7.084"/>
  <system-out/>
</testsuite> <!-- com.obsqura.testScripts.AdminUsersTest -->
