<?xml version="1.0" encoding="UTF-8"?>
<!-- Generated by org.testng.reporters.JUnitReportReporter -->
<testsuite hostname="Probook15-650Series" failures="0" tests="2" name="com.obsqura.testScripts.ManageExpenseTest" time="12.287" errors="0" timestamp="2023-04-22T17:17:13 GST" skipped="0">
  <testcase classname="com.obsqura.testScripts.ManageExpenseTest" name="verify_Cofirmation_AlertboxText_when_DeleteButton_Clicked" time="6.396"/>
  <system-out/>
  <testcase classname="com.obsqura.testScripts.ManageExpenseTest" name="verify_Cofirmation_Alertbox_Cancel_Click" time="5.891"/>
  <system-out/>
</testsuite> <!-- com.obsqura.testScripts.ManageExpenseTest -->
