<?xml version="1.0" encoding="UTF-8"?>
<!-- Generated by org.testng.reporters.JUnitReportReporter -->
<testsuite skipped="0" hostname="Probook15-650Series" name="com.obsqura.testScripts.ManageSliderTest" tests="2" failures="0" timestamp="2023-04-20T04:21:58 GST" time="14.463" errors="0">
  <testcase name="verify_manageSliderLink_navigatedto_ListSliderPage" time="7.248" classname="com.obsqura.testScripts.ManageSliderTest"/>
  <system-out/>
  <testcase name="verify_statusChangedSuccessfully_AlertMessage_Appears_whenClicked" time="7.215" classname="com.obsqura.testScripts.ManageSliderTest"/>
  <system-out/>
</testsuite> <!-- com.obsqura.testScripts.ManageSliderTest -->
