<?xml version="1.0" encoding="UTF-8"?>
<!-- Generated by org.testng.reporters.JUnitReportReporter -->
<testsuite skipped="0" hostname="Probook15-650Series" name="com.obsqura.testScripts.ManagepageTest" tests="2" failures="0" timestamp="2023-04-19T17:58:15 GST" time="15.939" errors="0">
  <testcase name="verify_newButton_allowstoAddPageswith_new_page_and_title" time="9.108" classname="com.obsqura.testScripts.ManagepageTest"/>
  <system-out/>
  <testcase name="verify_searchButton_shows_ResultNotFoundWhensearch_NonexistingPage" time="6.831" classname="com.obsqura.testScripts.ManagepageTest"/>
  <system-out/>
</testsuite> <!-- com.obsqura.testScripts.ManagepageTest -->
