<?xml version="1.0" encoding="UTF-8"?>
<!-- Generated by org.testng.reporters.JUnitReportReporter -->
<testsuite skipped="0" hostname="Probook15-650Series" name="com.obsqura.testScripts.ManageSliderTest" tests="2" failures="0" timestamp="2023-04-21T16:43:37 GST" time="15.114" errors="0">
  <testcase name="verify_manageSliderLink_navigatedto_ListSliderPage" time="6.626" classname="com.obsqura.testScripts.ManageSliderTest"/>
  <system-out/>
  <testcase name="verify_StatusChanged_Successfully_in_The_Table" time="8.488" classname="com.obsqura.testScripts.ManageSliderTest"/>
  <system-out/>
</testsuite> <!-- com.obsqura.testScripts.ManageSliderTest -->
