<?xml version="1.0" encoding="UTF-8"?>
<!-- Generated by org.testng.reporters.JUnitReportReporter -->
<testsuite skipped="1" hostname="Probook15-650Series" name="com.obsqura.testScripts.ManagepageTest" tests="4" failures="0" timestamp="2023-04-21T16:43:37 GST" time="30.935" errors="0">
  <testcase name="verify_newButton_allowstoAddPageswith_new_page_and_title" time="8.371" classname="com.obsqura.testScripts.ManagepageTest"/>
  <system-out/>
  <testcase name="verify_newButton_allowstoAddPageswith_new_page_and_title" time="8.497" classname="com.obsqura.testScripts.ManagepageTest">
    <skipped/>
  </testcase> <!-- verify_newButton_allowstoAddPageswith_new_page_and_title -->
  <system-out/>
  <testcase name="verify_searchButton_shows_ResultNotFound_When_Search_Non_ExistingPage" time="6.746" classname="com.obsqura.testScripts.ManagepageTest"/>
  <system-out/>
  <testcase name="verify_searchButton_shows_Corresponding_Result_When_search_an_ExistingPage" time="7.321" classname="com.obsqura.testScripts.ManagepageTest"/>
  <system-out/>
</testsuite> <!-- com.obsqura.testScripts.ManagepageTest -->
