<?xml version="1.0" encoding="UTF-8"?>
<!-- Generated by org.testng.reporters.JUnitReportReporter -->
<testsuite skipped="0" hostname="Probook15-650Series" name="com.obsqura.testScripts.LoginTest" tests="4" failures="0" timestamp="2023-04-26T03:13:56 GST" time="25.954" errors="0">
  <testcase name="verify_login_with_Credentials" time="7.062" classname="com.obsqura.testScripts.LoginTest"/>
  <system-out/>
  <testcase name="verify_logout_from_the_Session_is_Possible_when_LogoutButton_Clicked" time="7.172" classname="com.obsqura.testScripts.LoginTest"/>
  <system-out/>
  <testcase name="verify_SignIn_Button_Text_Alignment_Is_Center" time="5.736" classname="com.obsqura.testScripts.LoginTest"/>
  <system-out/>
  <testcase name="verify_login_with_Credentials" time="5.984" classname="com.obsqura.testScripts.LoginTest"/>
  <system-out/>
</testsuite> <!-- com.obsqura.testScripts.LoginTest -->
