<?xml version="1.0" encoding="UTF-8"?>
<!-- Generated by org.testng.reporters.JUnitReportReporter -->
<testsuite skipped="0" hostname="Probook15-650Series" name="com.obsqura.testScripts.ManageNewsTest" tests="4" failures="0" timestamp="2023-04-29T23:28:24 GST" time="32.317" errors="0">
  <testcase name="verify_searchButton_shows_Corresponding_Result_When_search_an_ExistingNews" time="7.903" classname="com.obsqura.testScripts.ManageNewsTest"/>
  <system-out/>
  <testcase name="verify_newsField_Is_Editable_when_Edit_Icon_Clicked" time="7.905" classname="com.obsqura.testScripts.ManageNewsTest"/>
  <system-out/>
  <testcase name="verify_searchButton_shows_ResultNotFound_When_Search_Non_ExistingNews" time="7.229" classname="com.obsqura.testScripts.ManageNewsTest"/>
  <system-out/>
  <testcase name="verify_New_News_Entered_susccessfully_In_The_Table_When_SaveButton_Clicked" time="9.280" classname="com.obsqura.testScripts.ManageNewsTest"/>
  <system-out/>
</testsuite> <!-- com.obsqura.testScripts.ManageNewsTest -->
