<?xml version="1.0" encoding="UTF-8"?>
<!-- Generated by org.testng.reporters.JUnitReportReporter -->
<testsuite skipped="0" hostname="Probook15-650Series" name="com.obsqura.testScripts.LoginTest" tests="3" failures="0" timestamp="2023-04-18T07:34:12 GST" time="15.568" errors="0">
  <testcase name="verify_RememberMeCheckBox_Is_Selected" time="5.312" classname="com.obsqura.testScripts.LoginTest"/>
  <system-out/>
  <testcase name="verify_SignIn_Button_Text_AlignmentIsCenter" time="4.466" classname="com.obsqura.testScripts.LoginTest"/>
  <system-out/>
  <testcase name="verify_login_with_Credentials" time="5.790" classname="com.obsqura.testScripts.LoginTest"/>
  <system-out/>
</testsuite> <!-- com.obsqura.testScripts.LoginTest -->
