<?xml version="1.0" encoding="UTF-8"?>
<!-- Generated by org.testng.reporters.JUnitReportReporter -->
<testsuite skipped="0" hostname="Probook15-650Series" name="com.obsqura.testScripts.AdminUsersTest" tests="4" failures="0" timestamp="2023-04-26T19:01:21 GST" time="38.166" errors="0">
  <testcase name="verify_resetButton_BackgroundColor" time="7.023" classname="com.obsqura.testScripts.AdminUsersTest"/>
  <system-out/>
  <testcase name="verify_New_AdminUser_Details_Added_In_The_Table_When_SaveButton_Clicked" time="16.109" classname="com.obsqura.testScripts.AdminUsersTest"/>
  <system-out/>
  <testcase name="verify_Resul_Not_Found_AppearsIn_The_Table_When_search_non_ExistingUser" time="7.714" classname="com.obsqura.testScripts.AdminUsersTest"/>
  <system-out/>
  <testcase name="verify_searchButton_shows_Corresponding_Result_When_search_an_ExistingUser" time="7.320" classname="com.obsqura.testScripts.AdminUsersTest"/>
  <system-out/>
</testsuite> <!-- com.obsqura.testScripts.AdminUsersTest -->
