<?xml version="1.0" encoding="UTF-8"?>
<!-- Generated by org.testng.reporters.JUnitReportReporter -->
<testsuite skipped="0" hostname="Probook15-650Series" name="com.obsqura.testScripts.AdminUsersTest" tests="2" failures="0" timestamp="2023-04-25T20:41:51 GST" time="34.461" errors="0">
  <testcase name="verify_New_AdminUser_Details_Added_In_The_Table_When_SaveButton_Clicked" time="26.225" classname="com.obsqura.testScripts.AdminUsersTest"/>
  <system-out/>
  <testcase name="verify_resetButton_BackgroundColor" time="8.236" classname="com.obsqura.testScripts.AdminUsersTest"/>
  <system-out/>
</testsuite> <!-- com.obsqura.testScripts.AdminUsersTest -->
