<?xml version="1.0" encoding="UTF-8"?>
<!-- Generated by org.testng.reporters.JUnitReportReporter -->
<testsuite skipped="0" hostname="Probook15-650Series" name="com.obsqura.testScripts.LoginTest" tests="3" failures="0" timestamp="2023-04-20T04:21:58 GST" time="16.307" errors="0">
  <testcase name="verify_SignIn_Button_Text_AlignmentIsCenter" time="5.088" classname="com.obsqura.testScripts.LoginTest"/>
  <system-out/>
  <testcase name="verify_login_with_Credentials" time="6.195" classname="com.obsqura.testScripts.LoginTest"/>
  <system-out/>
  <testcase name="verify_RememberMeCheckBox_Is_Selected" time="5.024" classname="com.obsqura.testScripts.LoginTest"/>
  <system-out/>
</testsuite> <!-- com.obsqura.testScripts.LoginTest -->
