<?xml version="1.0" encoding="UTF-8"?>
<!-- Generated by org.testng.reporters.JUnitReportReporter -->
<testsuite skipped="0" hostname="Probook15-650Series" name="com.obsqura.testScripts.ManagepageTest" tests="3" failures="0" timestamp="2023-04-29T23:28:24 GST" time="25.405" errors="0">
  <testcase name="verify_newButton_allowstoAddPageswith_new_page_and_title" time="9.550" classname="com.obsqura.testScripts.ManagepageTest"/>
  <system-out/>
  <testcase name="verify_searchButton_shows_ResultNotFound_When_Search_Non_ExistingPage" time="7.956" classname="com.obsqura.testScripts.ManagepageTest"/>
  <system-out/>
  <testcase name="verify_searchButton_shows_Corresponding_Result_When_search_an_ExistingPage" time="7.899" classname="com.obsqura.testScripts.ManagepageTest"/>
  <system-out/>
</testsuite> <!-- com.obsqura.testScripts.ManagepageTest -->
