<?xml version="1.0" encoding="UTF-8"?>
<!-- Generated by org.testng.reporters.JUnitReportReporter -->
<testsuite skipped="0" hostname="Probook15-650Series" name="com.obsqura.testScripts.ManageOfferCodeTest" tests="2" failures="0" timestamp="2023-04-29T23:28:24 GST" time="16.172" errors="0">
  <testcase name="verify_Number_Of_Available_OfferCodes_InTheTable" time="7.412" classname="com.obsqura.testScripts.ManageOfferCodeTest"/>
  <system-out/>
  <testcase name="verify_seraching_With_Existing_Offercode_Shows_Corressponding_Details" time="8.760" classname="com.obsqura.testScripts.ManageOfferCodeTest"/>
  <system-out/>
</testsuite> <!-- com.obsqura.testScripts.ManageOfferCodeTest -->
