<?xml version="1.0" encoding="UTF-8"?>
<!-- Generated by org.testng.reporters.JUnitReportReporter -->
<testsuite skipped="0" hostname="Probook15-650Series" name="com.obsqura.testScripts.ManageSliderTest" tests="3" failures="0" timestamp="2023-04-26T03:13:56 GST" time="25.475" errors="0">
  <testcase name="verify_AlertMessage_Visible_if_chooseFileButton_uploads_imageFilewithLink_when_SaveButton_Clicked" time="10.150" classname="com.obsqura.testScripts.ManageSliderTest"/>
  <system-out/>
  <testcase name="verify_Status_Changed_Successfully_in_The_Table" time="8.424" classname="com.obsqura.testScripts.ManageSliderTest"/>
  <system-out/>
  <testcase name="verify_manageSliderLink_navigatedto_ListSliderPage" time="6.901" classname="com.obsqura.testScripts.ManageSliderTest"/>
  <system-out/>
</testsuite> <!-- com.obsqura.testScripts.ManageSliderTest -->
