<?xml version="1.0" encoding="UTF-8"?>
<!-- Generated by org.testng.reporters.JUnitReportReporter -->
<testsuite skipped="0" hostname="Probook15-650Series" name="com.obsqura.testScripts.ManageExpenseTest" tests="2" failures="0" timestamp="2023-04-26T03:13:56 GST" time="12.720" errors="0">
  <testcase name="verify_Cofirmation_AlertboxText_when_DeleteButton_Clicked" time="6.195" classname="com.obsqura.testScripts.ManageExpenseTest"/>
  <system-out/>
  <testcase name="verify_Cofirmation_Alertbox_Cancel_Click_Disallow_Deletion" time="6.525" classname="com.obsqura.testScripts.ManageExpenseTest"/>
  <system-out/>
</testsuite> <!-- com.obsqura.testScripts.ManageExpenseTest -->
