<?xml version="1.0" encoding="UTF-8"?>
<!-- Generated by org.testng.reporters.JUnitReportReporter -->
<testsuite skipped="0" hostname="Probook15-650Series" name="com.obsqura.testScripts.ManageUsersTest" tests="1" failures="0" timestamp="2023-04-26T03:13:56 GST" time="7.251" errors="0">
  <testcase name="verify_corresponding_UserDetails_shown_When_Search_An_Existing_User" time="7.251" classname="com.obsqura.testScripts.ManageUsersTest"/>
  <system-out/>
</testsuite> <!-- com.obsqura.testScripts.ManageUsersTest -->
