<?xml version="1.0" encoding="UTF-8"?>
<!-- Generated by org.testng.reporters.JUnitReportReporter -->
<testsuite skipped="0" hostname="Probook15-650Series" name="com.obsqura.testScripts.ManageSliderTest" tests="3" failures="0" timestamp="2023-04-26T19:01:21 GST" time="21.505" errors="0">
  <testcase name="verify_manageSliderLink_navigatedto_ListSliderPage" time="6.864" classname="com.obsqura.testScripts.ManageSliderTest"/>
  <system-out/>
  <testcase name="verify_Status_Changed_Successfully_in_The_Table" time="6.668" classname="com.obsqura.testScripts.ManageSliderTest"/>
  <system-out/>
  <testcase name="verify_AlertMessage_Visible_if_chooseFileButton_uploads_imageFilewithLink_when_SaveButton_Clicked" time="7.973" classname="com.obsqura.testScripts.ManageSliderTest"/>
  <system-out/>
</testsuite> <!-- com.obsqura.testScripts.ManageSliderTest -->
