<?xml version="1.0" encoding="UTF-8"?>
<!-- Generated by org.testng.reporters.JUnitReportReporter -->
<testsuite skipped="0" hostname="Probook15-650Series" name="com.obsqura.testScripts.ManagePaymentMethodTest" tests="1" failures="0" timestamp="2023-04-26T03:13:56 GST" time="9.203" errors="0">
  <testcase name="verify_newsField_Is_Editable_when_Edit_Icon_Clicked" time="9.203" classname="com.obsqura.testScripts.ManagePaymentMethodTest"/>
  <system-out/>
</testsuite> <!-- com.obsqura.testScripts.ManagePaymentMethodTest -->
