<?xml version="1.0" encoding="UTF-8"?>
<!-- Generated by org.testng.reporters.JUnitReportReporter -->
<testsuite skipped="0" hostname="Probook15-650Series" name="com.obsqura.testScripts.ManageOfferCodeTest" tests="1" failures="0" timestamp="2023-04-26T19:01:21 GST" time="8.304" errors="0">
  <testcase name="verify_seraching_With_Existing_Offercode_Shows_Corressponding_Details" time="8.304" classname="com.obsqura.testScripts.ManageOfferCodeTest"/>
  <system-out/>
</testsuite> <!-- com.obsqura.testScripts.ManageOfferCodeTest -->
