<?xml version="1.0" encoding="UTF-8"?>
<!-- Generated by org.testng.reporters.JUnitReportReporter -->
<testsuite skipped="0" hostname="Probook15-650Series" name="com.obsqura.testScripts.ManageProductTest" tests="2" failures="0" timestamp="2023-04-27T02:33:30 GST" time="17.412" errors="0">
  <testcase name="verify_weightUnitDropdownisWorking" time="8.500" classname="com.obsqura.testScripts.ManageProductTest"/>
  <system-out/>
  <testcase name="verify_nonVegRadioButtonIsSelectable" time="8.912" classname="com.obsqura.testScripts.ManageProductTest"/>
  <system-out/>
</testsuite> <!-- com.obsqura.testScripts.ManageProductTest -->
