<?xml version="1.0" encoding="UTF-8"?>
<!-- Generated by org.testng.reporters.JUnitReportReporter -->
<testsuite skipped="0" hostname="Probook15-650Series" name="com.obsqura.testScripts.LoginTest" tests="4" failures="0" timestamp="2023-04-25T20:41:51 GST" time="38.946" errors="0">
  <testcase name="verify_SignIn_Button_Text_Alignment_Is_Center" time="5.654" classname="com.obsqura.testScripts.LoginTest"/>
  <system-out/>
  <testcase name="verify_logout_from_the_Session_is_Possible_when_LogoutButton_Clicked" time="14.189" classname="com.obsqura.testScripts.LoginTest"/>
  <system-out/>
  <testcase name="verify_login_with_Credentials" time="10.629" classname="com.obsqura.testScripts.LoginTest"/>
  <system-out/>
  <testcase name="verify_login_with_Credentials" time="8.474" classname="com.obsqura.testScripts.LoginTest"/>
  <system-out/>
</testsuite> <!-- com.obsqura.testScripts.LoginTest -->
