<?xml version="1.0" encoding="UTF-8"?>
<!-- Generated by org.testng.reporters.JUnitReportReporter -->
<testsuite skipped="0" hostname="Probook15-650Series" name="com.obsqura.testScripts.ManageExpenseTest" tests="2" failures="0" timestamp="2023-04-29T23:28:24 GST" time="14.011" errors="0">
  <testcase name="verify_Cofirmation_AlertboxText_when_DeleteButton_Clicked" time="7.186" classname="com.obsqura.testScripts.ManageExpenseTest"/>
  <system-out/>
  <testcase name="verify_Cofirmation_Alertbox_Cancel_Click_Disallow_Deletion" time="6.825" classname="com.obsqura.testScripts.ManageExpenseTest"/>
  <system-out/>
</testsuite> <!-- com.obsqura.testScripts.ManageExpenseTest -->
