<?xml version="1.0" encoding="UTF-8"?>
<!-- Generated by org.testng.reporters.JUnitReportReporter -->
<testsuite skipped="0" hostname="Probook15-650Series" name="com.obsqura.testScripts.ManageDeliveryBoyTest" tests="1" failures="0" timestamp="2023-04-26T19:01:21 GST" time="6.507" errors="0">
  <testcase name="verify_password_shown_under_The_Table_Raw_when_passwordIcon_Clicked" time="6.507" classname="com.obsqura.testScripts.ManageDeliveryBoyTest"/>
  <system-out/>
</testsuite> <!-- com.obsqura.testScripts.ManageDeliveryBoyTest -->
