<?xml version="1.0" encoding="UTF-8"?>
<!-- Generated by org.testng.reporters.JUnitReportReporter -->
<testsuite skipped="0" hostname="Probook15-650Series" name="com.obsqura.testScripts.ManageExpenseTest" tests="2" failures="0" timestamp="2023-04-20T04:21:58 GST" time="13.071" errors="0">
  <testcase name="verify_CofirmationAlertbox_CancelClick" time="6.536" classname="com.obsqura.testScripts.ManageExpenseTest"/>
  <system-out/>
  <testcase name="verify_CofirmationAlertboxText_when_DeleteButtonClicked" time="6.535" classname="com.obsqura.testScripts.ManageExpenseTest"/>
  <system-out/>
</testsuite> <!-- com.obsqura.testScripts.ManageExpenseTest -->
