<?xml version="1.0" encoding="UTF-8"?>
<!-- Generated by org.testng.reporters.JUnitReportReporter -->
<testsuite skipped="0" hostname="Probook15-650Series" name="com.obsqura.testScripts.ManageSliderTest" tests="3" failures="0" timestamp="2023-04-27T02:33:30 GST" time="27.194" errors="0">
  <testcase name="verify_Status_Changed_Successfully_in_The_Table" time="9.223" classname="com.obsqura.testScripts.ManageSliderTest"/>
  <system-out/>
  <testcase name="verify_AlertMessage_Visible_if_chooseFileButton_uploads_imageFilewithLink_when_SaveButton_Clicked" time="10.034" classname="com.obsqura.testScripts.ManageSliderTest"/>
  <system-out/>
  <testcase name="verify_manageSliderLink_navigatedto_ListSliderPage" time="7.937" classname="com.obsqura.testScripts.ManageSliderTest"/>
  <system-out/>
</testsuite> <!-- com.obsqura.testScripts.ManageSliderTest -->
