<?xml version="1.0" encoding="UTF-8"?>
<!-- Generated by org.testng.reporters.JUnitReportReporter -->
<testsuite skipped="0" hostname="Probook15-650Series" name="com.obsqura.testScripts.AdminUsersTest" tests="2" failures="0" timestamp="2023-04-21T16:43:37 GST" time="14.761" errors="0">
  <testcase name="verify_resetButtonBackgroundColor" time="6.807" classname="com.obsqura.testScripts.AdminUsersTest"/>
  <system-out/>
  <testcase name="verify_New_AdminUser_Details_Added_In_The_Table_When_SaveButton_Clicked" time="7.954" classname="com.obsqura.testScripts.AdminUsersTest"/>
  <system-out/>
</testsuite> <!-- com.obsqura.testScripts.AdminUsersTest -->
