<?xml version="1.0" encoding="UTF-8"?>
<!-- Generated by org.testng.reporters.JUnitReportReporter -->
<testsuite skipped="0" hostname="Probook15-650Series" name="com.obsqura.testScripts.ManageLocationTest" tests="1" failures="0" timestamp="2023-04-29T23:28:24 GST" time="11.976" errors="0">
  <testcase name="verify_Location_Added_in_the_Table_when_save_button_clicked" time="11.976" classname="com.obsqura.testScripts.ManageLocationTest"/>
  <system-out/>
</testsuite> <!-- com.obsqura.testScripts.ManageLocationTest -->
