<?xml version="1.0" encoding="UTF-8"?>
<!-- Generated by org.testng.reporters.JUnitReportReporter -->
<testsuite skipped="0" hostname="Probook15-650Series" name="com.obsqura.testScripts.AdminUsersTest" tests="2" failures="0" timestamp="2023-04-17T14:10:27 GST" time="18.084" errors="0">
  <testcase name="verify_usertypeDropdownBoxIsSelectable" time="8.981" classname="com.obsqura.testScripts.AdminUsersTest"/>
  <system-out/>
  <testcase name="verify_resetButtonBackgroundColor" time="9.103" classname="com.obsqura.testScripts.AdminUsersTest"/>
  <system-out/>
</testsuite> <!-- com.obsqura.testScripts.AdminUsersTest -->
