<?xml version="1.0" encoding="UTF-8"?>
<!-- Generated by org.testng.reporters.JUnitReportReporter -->
<testsuite skipped="0" hostname="Probook15-650Series" name="com.obsqura.testScripts.CategoryTest" tests="1" failures="0" timestamp="2023-04-27T02:33:30 GST" time="6.914" errors="0">
  <testcase name="verify_Countof_Available_Categories_InTheTable" time="6.914" classname="com.obsqura.testScripts.CategoryTest"/>
  <system-out/>
</testsuite> <!-- com.obsqura.testScripts.CategoryTest -->
