<?xml version="1.0" encoding="UTF-8"?>
<!-- Generated by org.testng.reporters.JUnitReportReporter -->
<testsuite skipped="0" hostname="Probook15-650Series" name="com.obsqura.testScripts.PushNotificationsTest" tests="1" failures="0" timestamp="2023-04-26T19:01:21 GST" time="7.962" errors="0">
  <testcase name="verify_Send_successfully_AlertMessage_Appears_When_Send_Button_Clicked" time="7.962" classname="com.obsqura.testScripts.PushNotificationsTest"/>
  <system-out/>
</testsuite> <!-- com.obsqura.testScripts.PushNotificationsTest -->
