<?xml version="1.0" encoding="UTF-8"?>
<!-- Generated by org.testng.reporters.JUnitReportReporter -->
<testsuite skipped="0" hostname="Probook15-650Series" name="com.obsqura.testScripts.AdminUsersTest" tests="2" failures="0" timestamp="2023-04-20T04:21:58 GST" time="13.214" errors="0">
  <testcase name="verify_usertypeDropdownBoxIsSelectable" time="6.975" classname="com.obsqura.testScripts.AdminUsersTest"/>
  <system-out/>
  <testcase name="verify_resetButtonBackgroundColor" time="6.239" classname="com.obsqura.testScripts.AdminUsersTest"/>
  <system-out/>
</testsuite> <!-- com.obsqura.testScripts.AdminUsersTest -->
