<?xml version="1.0" encoding="UTF-8"?>
<!-- Generated by org.testng.reporters.JUnitReportReporter -->
<testsuite hostname="Probook15-650Series" failures="0" tests="3" name="com.obsqura.maven.testscripts.CheckBoxDemoPageFactoryTest" time="14.113" errors="0" timestamp="2023-03-29T16:54:27 GST" skipped="0">
  <testcase classname="com.obsqura.maven.testscripts.CheckBoxDemoPageFactoryTest" name="verify_SingleInputCheckBox" time="4.181"/>
  <system-out/>
  <testcase classname="com.obsqura.maven.testscripts.CheckBoxDemoPageFactoryTest" name="verify_selectAllButtonBackgroundColor" time="5.138"/>
  <system-out/>
  <testcase classname="com.obsqura.maven.testscripts.CheckBoxDemoPageFactoryTest" name="verify_attributevalueofSelectAllButton" time="4.794"/>
  <system-out/>
</testsuite> <!-- com.obsqura.maven.testscripts.CheckBoxDemoPageFactoryTest -->
