<?xml version="1.0" encoding="UTF-8"?>
<!-- Generated by org.testng.reporters.JUnitReportReporter -->
<testsuite hostname="Probook15-650Series" failures="0" tests="1" name="com.obsqura.maven.testscripts.RadiButtonsDemoTest" time="8.501" errors="0" timestamp="2023-03-09T19:02:19 GST" skipped="0">
  <testcase classname="com.obsqura.maven.testscripts.RadiButtonsDemoTest" name="radioButtonsDemoTest" time="8.501"/>
  <system-out/>
</testsuite> <!-- com.obsqura.maven.testscripts.RadiButtonsDemoTest -->
