<?xml version="1.0" encoding="UTF-8"?>
<!-- Generated by org.testng.reporters.JUnitReportReporter -->
<testsuite hostname="Probook15-650Series" failures="0" tests="1" name="com.obsqura.maven.PageObjectModel.Sample" time="10.426" errors="0" timestamp="2023-03-06T22:43:45 GST" skipped="0">
  <testcase classname="com.obsqura.maven.PageObjectModel.Sample" name="sampleMethod" time="10.426"/>
  <system-out/>
</testsuite> <!-- com.obsqura.maven.PageObjectModel.Sample -->
