<?xml version="1.0" encoding="UTF-8"?>
<!-- Generated by org.testng.reporters.JUnitReportReporter -->
<testsuite hostname="Probook15-650Series" failures="0" tests="3" name="com.obsqura.maven.testscripts.CheckBoxDemoTest" time="15.014" errors="0" timestamp="2023-03-23T19:15:17 GST" skipped="0">
  <testcase classname="com.obsqura.maven.testscripts.CheckBoxDemoTest" name="verify_SingleInputCheckBox" time="4.509"/>
  <system-out/>
  <testcase classname="com.obsqura.maven.testscripts.CheckBoxDemoTest" name="verify_selectAllButtonBackgroundColor" time="5.297"/>
  <system-out/>
  <testcase classname="com.obsqura.maven.testscripts.CheckBoxDemoTest" name="verify_attributevalueofSelectAllButton" time="5.208"/>
  <system-out/>
</testsuite> <!-- com.obsqura.maven.testscripts.CheckBoxDemoTest -->
