<?xml version="1.0" encoding="UTF-8"?>
<!-- Generated by org.testng.reporters.JUnitReportReporter -->
<testsuite hostname="Probook15-650Series" failures="0" tests="1" name="com.obsqura.maven.testscripts.SingleInputFieldPageFactoryTest" time="5.794" errors="0" timestamp="2023-03-29T16:29:07 GST" skipped="0">
  <testcase classname="com.obsqura.maven.testscripts.SingleInputFieldPageFactoryTest" name="singleInputFeildpageFactory" time="5.794"/>
  <system-out/>
</testsuite> <!-- com.obsqura.maven.testscripts.SingleInputFieldPageFactoryTest -->
