<?xml version="1.0" encoding="UTF-8"?>
<!-- Generated by org.testng.reporters.JUnitReportReporter -->
<testsuite hostname="Probook15-650Series" failures="0" tests="1" name="com.obsqura.maven.PageObjectModel.Base" time="11.322" errors="0" timestamp="2023-03-07T19:20:41 GST" skipped="0">
  <testcase classname="com.obsqura.maven.PageObjectModel.Base" name="toInitializeBrowser" time="11.322"/>
  <system-out/>
</testsuite> <!-- com.obsqura.maven.PageObjectModel.Base -->
