<?xml version="1.0" encoding="UTF-8"?>
<!-- Generated by org.testng.reporters.JUnitReportReporter -->
<testsuite hostname="Probook15-650Series" failures="0" tests="3" name="com.obsqura.maven.testscripts.SimpleInputFormDemoTest" time="14.203" errors="0" timestamp="2023-03-23T19:15:17 GST" skipped="0">
  <testcase classname="com.obsqura.maven.testscripts.SimpleInputFormDemoTest" name="verify_singleInputField" time="5.665"/>
  <system-out/>
  <testcase classname="com.obsqura.maven.testscripts.SimpleInputFormDemoTest" name="verify_showMessageButtonText" time="4.653"/>
  <system-out/>
  <testcase classname="com.obsqura.maven.testscripts.SimpleInputFormDemoTest" name="verify_SingleInputFieldTextBoxtagname" time="3.885"/>
  <system-out/>
</testsuite> <!-- com.obsqura.maven.testscripts.SimpleInputFormDemoTest -->
