<?xml version="1.0" encoding="UTF-8"?>
<!-- Generated by org.testng.reporters.JUnitReportReporter -->
<testsuite hostname="Probook15-650Series" failures="0" tests="3" name="com.obsqura.maven.testscripts.RadioButtonsDemoTest" time="16.829" errors="0" timestamp="2023-03-23T19:15:17 GST" skipped="0">
  <testcase classname="com.obsqura.maven.testscripts.RadioButtonsDemoTest" name="radioButtonsDemoTest" time="4.873"/>
  <system-out/>
  <testcase classname="com.obsqura.maven.testscripts.RadioButtonsDemoTest" name="verify_showSelectedValueButtonFontColor" time="7.337"/>
  <system-out/>
  <testcase classname="com.obsqura.maven.testscripts.RadioButtonsDemoTest" name="verify_showSelectedValueButtonTextAlignment" time="4.619"/>
  <system-out/>
</testsuite> <!-- com.obsqura.maven.testscripts.RadioButtonsDemoTest -->
