<?xml version="1.0" encoding="UTF-8"?>
<!-- Generated by org.testng.reporters.JUnitReportReporter -->
<testsuite hostname="Probook15-650Series" failures="0" tests="1" name="com.obsqura.maven.testscripts.ActionsClassTest" time="5.462" errors="0" timestamp="2023-03-28T17:13:49 GST" skipped="0">
  <testcase classname="com.obsqura.maven.testscripts.ActionsClassTest" name="verify_mouse_hover_on_SimpleformdemoLink" time="5.462"/>
  <system-out/>
</testsuite> <!-- com.obsqura.maven.testscripts.ActionsClassTest -->
