<?xml version="1.0" encoding="UTF-8"?>
<!-- Generated by org.testng.reporters.JUnitReportReporter -->
<testsuite hostname="Probook15-650Series" failures="0" tests="3" name="com.obsqura.maven.testscripts.RadioButtonDemoPageFactoryTest" time="15.256" errors="0" timestamp="2023-03-29T16:52:41 GST" skipped="0">
  <testcase classname="com.obsqura.maven.testscripts.RadioButtonDemoPageFactoryTest" name="verify_showSelectedValueButtonTextAlignment" time="5.494"/>
  <system-out/>
  <testcase classname="com.obsqura.maven.testscripts.RadioButtonDemoPageFactoryTest" name="radioButtonsDemoTest" time="5.086"/>
  <system-out/>
  <testcase classname="com.obsqura.maven.testscripts.RadioButtonDemoPageFactoryTest" name="verify_showSelectedValueButtonFontColor" time="4.676"/>
  <system-out/>
</testsuite> <!-- com.obsqura.maven.testscripts.RadioButtonDemoPageFactoryTest -->
