<?xml version="1.0" encoding="UTF-8"?>
<!-- Generated by org.testng.reporters.JUnitReportReporter -->
<testsuite hostname="Probook15-650Series" failures="0" tests="1" name="com.obsqura.maven.testScripts.LoginTest" time="13.097" errors="0" timestamp="2023-04-13T22:14:42 GST" skipped="0">
  <testcase classname="com.obsqura.maven.testScripts.LoginTest" name="verify_login" time="13.097"/>
  <system-out/>
</testsuite> <!-- com.obsqura.maven.testScripts.LoginTest -->
