<?xml version="1.0" encoding="UTF-8"?>
<!-- Generated by org.testng.reporters.JUnitReportReporter -->
<testsuite hostname="Probook15-650Series" failures="0" tests="1" name="com.obsqura.maven.TestScripts.ManagePagesTest" time="5.041" errors="0" timestamp="2023-04-13T14:02:17 GST" skipped="0">
  <testcase classname="com.obsqura.maven.TestScripts.ManagePagesTest" name="verify_ManagePagesLink" time="5.041"/>
  <system-out/>
</testsuite> <!-- com.obsqura.maven.TestScripts.ManagePagesTest -->
